inherit.name
ШколаitProger.name
cleannetcode.name
#SimpleCode.name
@Bytepp.name
SachkovTech.name
CODE_BLOG.name
codaza.name
Изучаем_мир_ИТ.name
TechRoarLex.name
ExtremeCode.name
SBeregovoyRU.name
Архитектор_ПО.name
ML_START.name
CyberDanger.name
НУЖЕН_ЛИ_C#.name
SachkovTech.name
road_map.name1
Папочка_Дотнета.name
АйтишныйДомосед.name
Excalib.name
Vegetarian_Zombie.name
C#_for_Beginners.dotnet.name
Teddy_Smith.name
metanit.com.name
GTK.name1
first_window.name2
krimmel.ru.name
gui-applications-under-linux.name
